<?xml version="1.0" encoding="UTF-8"?>
<!-- Generated by org.testng.reporters.JUnitReportReporter -->
<testsuite hostname="Jayants-MBP-2.domain.name" failures="0" tests="5" name="runners.TestRunner" time="13.608" errors="0" timestamp="2025-04-20T15:02:19 IST" skipped="0">
  <testcase classname="runners.TestRunner" name="runScenario" time="3.794"/>
  <testcase classname="runners.TestRunner" name="runScenario" time="3.076"/>
  <testcase classname="runners.TestRunner" name="runScenario" time="3.040"/>
  <testcase classname="runners.TestRunner" name="runScenario" time="1.309"/>
  <testcase classname="runners.TestRunner" name="runScenario" time="2.389"/>
</testsuite> <!-- runners.TestRunner -->
